-------------------------------------------------------------------------------
Test set: com.mca.controller.SagaControllerTest
-------------------------------------------------------------------------------
Tests run: 2, Failures: 0, Errors: 2, Skipped: 0, Time elapsed: 9.397 s <<< FAILURE! - in com.mca.controller.SagaControllerTest
testInput9  Time elapsed: 0.008 s  <<< ERROR!
java.lang.IllegalStateException: Failed to load ApplicationContext for [WebMergedContextConfiguration@684f7f1c testClass = com.mca.controller.SagaControllerTest, locations = [], classes = [com.mca.McaApplication], contextInitializerClasses = [], activeProfiles = [], propertySourceLocations = [], propertySourceProperties = ["org.springframework.boot.test.context.SpringBootTestContextBootstrapper=true"], contextCustomizers = [org.springframework.boot.test.context.filter.ExcludeFilterContextCustomizer@65987993, org.springframework.boot.test.json.DuplicateJsonObjectContextCustomizerFactory$DuplicateJsonObjectContextCustomizer@6f53b8a, org.springframework.boot.test.mock.mockito.MockitoContextCustomizer@0, org.springframework.boot.test.web.client.TestRestTemplateContextCustomizer@6e535154, org.springframework.boot.test.autoconfigure.actuate.observability.ObservabilityContextCustomizerFactory$DisableObservabilityContextCustomizer@9da1, org.springframework.boot.test.autoconfigure.properties.PropertyMappingContextCustomizer@0, org.springframework.boot.test.autoconfigure.web.servlet.WebDriverContextCustomizerFactory$Customizer@491b9b8, org.springframework.test.context.web.socket.MockServerContainerContextCustomizer@16150369, org.springframework.boot.test.context.SpringBootTestAnnotation@5b3cbcb5], resourceBasePath = "src/main/webapp", contextLoader = org.springframework.boot.test.context.SpringBootContextLoader, parent = null]
Caused by: org.springframework.beans.factory.UnsatisfiedDependencyException: Error creating bean with name 'sagaController': Unsatisfied dependency expressed through field 'repository': Error creating bean with name 'videogamesRepository' defined in com.mca.repository.VideogamesRepository defined in @EnableJpaRepositories declared on JpaRepositoriesRegistrar.EnableJpaRepositoriesConfiguration: Could not create query for public abstract java.util.List com.mca.repository.VideogamesRepository.findBySerie(java.lang.String); Reason: Failed to create query for method public abstract java.util.List com.mca.repository.VideogamesRepository.findBySerie(java.lang.String); No property 'serie' found for type 'VideoGame'
Caused by: org.springframework.beans.factory.BeanCreationException: Error creating bean with name 'videogamesRepository' defined in com.mca.repository.VideogamesRepository defined in @EnableJpaRepositories declared on JpaRepositoriesRegistrar.EnableJpaRepositoriesConfiguration: Could not create query for public abstract java.util.List com.mca.repository.VideogamesRepository.findBySerie(java.lang.String); Reason: Failed to create query for method public abstract java.util.List com.mca.repository.VideogamesRepository.findBySerie(java.lang.String); No property 'serie' found for type 'VideoGame'
Caused by: org.springframework.data.repository.query.QueryCreationException: Could not create query for public abstract java.util.List com.mca.repository.VideogamesRepository.findBySerie(java.lang.String); Reason: Failed to create query for method public abstract java.util.List com.mca.repository.VideogamesRepository.findBySerie(java.lang.String); No property 'serie' found for type 'VideoGame'
Caused by: java.lang.IllegalArgumentException: Failed to create query for method public abstract java.util.List com.mca.repository.VideogamesRepository.findBySerie(java.lang.String); No property 'serie' found for type 'VideoGame'
Caused by: org.springframework.data.mapping.PropertyReferenceException: No property 'serie' found for type 'VideoGame'

testInput12  Time elapsed: 0 s  <<< ERROR!
java.lang.IllegalStateException: Failed to load ApplicationContext for [WebMergedContextConfiguration@684f7f1c testClass = com.mca.controller.SagaControllerTest, locations = [], classes = [com.mca.McaApplication], contextInitializerClasses = [], activeProfiles = [], propertySourceLocations = [], propertySourceProperties = ["org.springframework.boot.test.context.SpringBootTestContextBootstrapper=true"], contextCustomizers = [org.springframework.boot.test.context.filter.ExcludeFilterContextCustomizer@65987993, org.springframework.boot.test.json.DuplicateJsonObjectContextCustomizerFactory$DuplicateJsonObjectContextCustomizer@6f53b8a, org.springframework.boot.test.mock.mockito.MockitoContextCustomizer@0, org.springframework.boot.test.web.client.TestRestTemplateContextCustomizer@6e535154, org.springframework.boot.test.autoconfigure.actuate.observability.ObservabilityContextCustomizerFactory$DisableObservabilityContextCustomizer@9da1, org.springframework.boot.test.autoconfigure.properties.PropertyMappingContextCustomizer@0, org.springframework.boot.test.autoconfigure.web.servlet.WebDriverContextCustomizerFactory$Customizer@491b9b8, org.springframework.test.context.web.socket.MockServerContainerContextCustomizer@16150369, org.springframework.boot.test.context.SpringBootTestAnnotation@5b3cbcb5], resourceBasePath = "src/main/webapp", contextLoader = org.springframework.boot.test.context.SpringBootContextLoader, parent = null]
Caused by: org.springframework.beans.factory.UnsatisfiedDependencyException: Error creating bean with name 'sagaController': Unsatisfied dependency expressed through field 'repository': Error creating bean with name 'videogamesRepository' defined in com.mca.repository.VideogamesRepository defined in @EnableJpaRepositories declared on JpaRepositoriesRegistrar.EnableJpaRepositoriesConfiguration: Could not create query for public abstract java.util.List com.mca.repository.VideogamesRepository.findBySerie(java.lang.String); Reason: Failed to create query for method public abstract java.util.List com.mca.repository.VideogamesRepository.findBySerie(java.lang.String); No property 'serie' found for type 'VideoGame'
Caused by: org.springframework.beans.factory.BeanCreationException: Error creating bean with name 'videogamesRepository' defined in com.mca.repository.VideogamesRepository defined in @EnableJpaRepositories declared on JpaRepositoriesRegistrar.EnableJpaRepositoriesConfiguration: Could not create query for public abstract java.util.List com.mca.repository.VideogamesRepository.findBySerie(java.lang.String); Reason: Failed to create query for method public abstract java.util.List com.mca.repository.VideogamesRepository.findBySerie(java.lang.String); No property 'serie' found for type 'VideoGame'
Caused by: org.springframework.data.repository.query.QueryCreationException: Could not create query for public abstract java.util.List com.mca.repository.VideogamesRepository.findBySerie(java.lang.String); Reason: Failed to create query for method public abstract java.util.List com.mca.repository.VideogamesRepository.findBySerie(java.lang.String); No property 'serie' found for type 'VideoGame'
Caused by: java.lang.IllegalArgumentException: Failed to create query for method public abstract java.util.List com.mca.repository.VideogamesRepository.findBySerie(java.lang.String); No property 'serie' found for type 'VideoGame'
Caused by: org.springframework.data.mapping.PropertyReferenceException: No property 'serie' found for type 'VideoGame'

